{"C:\\Users\\Poly\\Projects\\WebSpider\\Frontend\\src\\index.js": {"path":"C:\\Users\\Poly\\Projects\\WebSpider\\Frontend\\src\\index.js","statementMap":{"0":{"start":{"line":7,"column":0},"end":{"line":7,"column":15}},"1":{"start":{"line":8,"column":0},"end":{"line":13,"column":2}},"2":{"start":{"line":15,"column":0},"end":{"line":15,"column":18}}},"fnMap":{},"branchMap":{},"s":{"0":0,"1":0,"2":0},"f":{},"b":{}}
,"C:\\Users\\Poly\\Projects\\WebSpider\\Frontend\\src\\reportWebVitals.js": {"path":"C:\\Users\\Poly\\Projects\\WebSpider\\Frontend\\src\\reportWebVitals.js","statementMap":{"0":{"start":{"line":1,"column":24},"end":{"line":11,"column":1}},"1":{"start":{"line":2,"column":2},"end":{"line":10,"column":3}},"2":{"start":{"line":3,"column":4},"end":{"line":9,"column":7}},"3":{"start":{"line":4,"column":6},"end":{"line":4,"column":26}},"4":{"start":{"line":5,"column":6},"end":{"line":5,"column":26}},"5":{"start":{"line":6,"column":6},"end":{"line":6,"column":26}},"6":{"start":{"line":7,"column":6},"end":{"line":7,"column":26}},"7":{"start":{"line":8,"column":6},"end":{"line":8,"column":27}}},"fnMap":{"0":{"name":"(anonymous_0)","decl":{"start":{"line":1,"column":24},"end":{"line":1,"column":25}},"loc":{"start":{"line":1,"column":39},"end":{"line":11,"column":1}},"line":1},"1":{"name":"(anonymous_1)","decl":{"start":{"line":3,"column":30},"end":{"line":3,"column":31}},"loc":{"start":{"line":3,"column":79},"end":{"line":9,"column":5}},"line":3}},"branchMap":{"0":{"loc":{"start":{"line":2,"column":2},"end":{"line":10,"column":3}},"type":"if","locations":[{"start":{"line":2,"column":2},"end":{"line":10,"column":3}},{"start":{"line":2,"column":2},"end":{"line":10,"column":3}}],"line":2},"1":{"loc":{"start":{"line":2,"column":6},"end":{"line":2,"column":52}},"type":"binary-expr","locations":[{"start":{"line":2,"column":6},"end":{"line":2,"column":17}},{"start":{"line":2,"column":21},"end":{"line":2,"column":52}}],"line":2}},"s":{"0":0,"1":0,"2":0,"3":0,"4":0,"5":0,"6":0,"7":0},"f":{"0":0,"1":0},"b":{"0":[0,0],"1":[0,0]}}
,"C:\\Users\\Poly\\Projects\\WebSpider\\Frontend\\src\\setupProxy.js": {"path":"C:\\Users\\Poly\\Projects\\WebSpider\\Frontend\\src\\setupProxy.js","statementMap":{"0":{"start":{"line":1,"column":34},"end":{"line":1,"column":66}},"1":{"start":{"line":2,"column":19},"end":{"line":2,"column":35}},"2":{"start":{"line":4,"column":0},"end":{"line":20,"column":1}},"3":{"start":{"line":5,"column":2},"end":{"line":12,"column":3}}},"fnMap":{"0":{"name":"(anonymous_0)","decl":{"start":{"line":4,"column":17},"end":{"line":4,"column":18}},"loc":{"start":{"line":4,"column":32},"end":{"line":20,"column":1}},"line":4}},"branchMap":{},"s":{"0":0,"1":0,"2":0,"3":0},"f":{"0":0},"b":{}}
,"C:\\Users\\Poly\\Projects\\WebSpider\\Frontend\\src\\components\\App\\App.js": {"path":"C:\\Users\\Poly\\Projects\\WebSpider\\Frontend\\src\\components\\App\\App.js","statementMap":{"0":{"start":{"line":9,"column":12},"end":{"line":23,"column":1}},"1":{"start":{"line":10,"column":2},"end":{"line":22,"column":4}}},"fnMap":{"0":{"name":"(anonymous_0)","decl":{"start":{"line":9,"column":12},"end":{"line":9,"column":13}},"loc":{"start":{"line":9,"column":18},"end":{"line":23,"column":1}},"line":9}},"branchMap":{},"s":{"0":1,"1":1},"f":{"0":1},"b":{},"_coverageSchema":"1a1c01bbd47fc00a2c39e90264f33305004495a9","hash":"ea0f6738adef7f240939a3a57edf862d9b1033d9"}
,"C:\\Users\\Poly\\Projects\\WebSpider\\Frontend\\src\\components\\App\\index.js": {"path":"C:\\Users\\Poly\\Projects\\WebSpider\\Frontend\\src\\components\\App\\index.js","statementMap":{},"fnMap":{},"branchMap":{},"s":{},"f":{},"b":{}}
,"C:\\Users\\Poly\\Projects\\WebSpider\\Frontend\\src\\components\\Common\\AppHeader\\AppHeader.js": {"path":"C:\\Users\\Poly\\Projects\\WebSpider\\Frontend\\src\\components\\Common\\AppHeader\\AppHeader.js","statementMap":{"0":{"start":{"line":2,"column":18},"end":{"line":6,"column":1}},"1":{"start":{"line":3,"column":4},"end":{"line":5,"column":12}}},"fnMap":{"0":{"name":"(anonymous_0)","decl":{"start":{"line":2,"column":18},"end":{"line":2,"column":19}},"loc":{"start":{"line":2,"column":24},"end":{"line":6,"column":1}},"line":2}},"branchMap":{},"s":{"0":1,"1":1},"f":{"0":1},"b":{},"_coverageSchema":"1a1c01bbd47fc00a2c39e90264f33305004495a9","hash":"bbe83987a40ed48d389ce060ffa33abb6ad3c469"}
,"C:\\Users\\Poly\\Projects\\WebSpider\\Frontend\\src\\components\\Common\\AppHeader\\index.js": {"path":"C:\\Users\\Poly\\Projects\\WebSpider\\Frontend\\src\\components\\Common\\AppHeader\\index.js","statementMap":{},"fnMap":{},"branchMap":{},"s":{},"f":{},"b":{},"_coverageSchema":"1a1c01bbd47fc00a2c39e90264f33305004495a9","hash":"9019590d608eae7e12c16d7952855c0a53de13c9"}
,"C:\\Users\\Poly\\Projects\\WebSpider\\Frontend\\src\\components\\Common\\ContentTable\\ContentTable.js": {"path":"C:\\Users\\Poly\\Projects\\WebSpider\\Frontend\\src\\components\\Common\\ContentTable\\ContentTable.js","statementMap":{"0":{"start":{"line":3,"column":21},"end":{"line":11,"column":1}},"1":{"start":{"line":4,"column":2},"end":{"line":10,"column":4}},"2":{"start":{"line":7,"column":8},"end":{"line":7,"column":63}}},"fnMap":{"0":{"name":"(anonymous_0)","decl":{"start":{"line":3,"column":21},"end":{"line":3,"column":22}},"loc":{"start":{"line":3,"column":36},"end":{"line":11,"column":1}},"line":3},"1":{"name":"(anonymous_1)","decl":{"start":{"line":6,"column":17},"end":{"line":6,"column":18}},"loc":{"start":{"line":6,"column":30},"end":{"line":8,"column":7}},"line":6}},"branchMap":{},"s":{"0":2,"1":1,"2":2},"f":{"0":1,"1":2},"b":{},"_coverageSchema":"1a1c01bbd47fc00a2c39e90264f33305004495a9","hash":"d136a7e674249bf1744a48aecacd0d192c6b0048"}
,"C:\\Users\\Poly\\Projects\\WebSpider\\Frontend\\src\\components\\Common\\ContentTable\\index.js": {"path":"C:\\Users\\Poly\\Projects\\WebSpider\\Frontend\\src\\components\\Common\\ContentTable\\index.js","statementMap":{},"fnMap":{},"branchMap":{},"s":{},"f":{},"b":{},"_coverageSchema":"1a1c01bbd47fc00a2c39e90264f33305004495a9","hash":"0ad150ad7025070ddd5d32f3a4ac9ae2efe30de6"}
,"C:\\Users\\Poly\\Projects\\WebSpider\\Frontend\\src\\components\\Common\\ContentTable\\mock.js": {"path":"C:\\Users\\Poly\\Projects\\WebSpider\\Frontend\\src\\components\\Common\\ContentTable\\mock.js","statementMap":{"0":{"start":{"line":1,"column":25},"end":{"line":15,"column":1}}},"fnMap":{},"branchMap":{},"s":{"0":2},"f":{},"b":{},"_coverageSchema":"1a1c01bbd47fc00a2c39e90264f33305004495a9","hash":"1bfba68cd08a81da0133ace82caaec27f3c218e9"}
,"C:\\Users\\Poly\\Projects\\WebSpider\\Frontend\\src\\components\\Common\\ContentTable\\TableRow\\TableRow.js": {"path":"C:\\Users\\Poly\\Projects\\WebSpider\\Frontend\\src\\components\\Common\\ContentTable\\TableRow\\TableRow.js","statementMap":{"0":{"start":{"line":4,"column":17},"end":{"line":66,"column":1}},"1":{"start":{"line":5,"column":30},"end":{"line":5,"column":46}},"2":{"start":{"line":6,"column":19},"end":{"line":6,"column":36}},"3":{"start":{"line":7,"column":19},"end":{"line":7,"column":51}},"4":{"start":{"line":9,"column":4},"end":{"line":9,"column":72}},"5":{"start":{"line":11,"column":22},"end":{"line":13,"column":3}},"6":{"start":{"line":12,"column":4},"end":{"line":12,"column":51}},"7":{"start":{"line":15,"column":2},"end":{"line":65,"column":4}},"8":{"start":{"line":23,"column":16},"end":{"line":23,"column":42}}},"fnMap":{"0":{"name":"(anonymous_0)","decl":{"start":{"line":4,"column":17},"end":{"line":4,"column":18}},"loc":{"start":{"line":4,"column":43},"end":{"line":66,"column":1}},"line":4},"1":{"name":"(anonymous_1)","decl":{"start":{"line":11,"column":22},"end":{"line":11,"column":23}},"loc":{"start":{"line":11,"column":28},"end":{"line":13,"column":3}},"line":11},"2":{"name":"(anonymous_2)","decl":{"start":{"line":22,"column":23},"end":{"line":22,"column":24}},"loc":{"start":{"line":22,"column":30},"end":{"line":24,"column":15}},"line":22}},"branchMap":{"0":{"loc":{"start":{"line":12,"column":14},"end":{"line":12,"column":49}},"type":"cond-expr","locations":[{"start":{"line":12,"column":34},"end":{"line":12,"column":40}},{"start":{"line":12,"column":43},"end":{"line":12,"column":49}}],"line":12},"1":{"loc":{"start":{"line":60,"column":9},"end":{"line":62,"column":16}},"type":"cond-expr","locations":[{"start":{"line":61,"column":10},"end":{"line":61,"column":67}},{"start":{"line":62,"column":12},"end":{"line":62,"column":16}}],"line":60}},"s":{"0":3,"1":5,"2":5,"3":5,"4":5,"5":5,"6":1,"7":5,"8":0},"f":{"0":5,"1":1,"2":0},"b":{"0":[1,0],"1":[1,4]},"_coverageSchema":"1a1c01bbd47fc00a2c39e90264f33305004495a9","hash":"6650807fe9293fb9f7f23294e67e509570b68871"}
,"C:\\Users\\Poly\\Projects\\WebSpider\\Frontend\\src\\components\\Common\\ContentTable\\TableRow\\index.js": {"path":"C:\\Users\\Poly\\Projects\\WebSpider\\Frontend\\src\\components\\Common\\ContentTable\\TableRow\\index.js","statementMap":{},"fnMap":{},"branchMap":{},"s":{},"f":{},"b":{},"_coverageSchema":"1a1c01bbd47fc00a2c39e90264f33305004495a9","hash":"7e240d9daaa3ed174379d10cf624962a53dc2c8d"}
,"C:\\Users\\Poly\\Projects\\WebSpider\\Frontend\\src\\components\\Common\\ContentTable\\TableSubRow\\TableSubRow.js": {"path":"C:\\Users\\Poly\\Projects\\WebSpider\\Frontend\\src\\components\\Common\\ContentTable\\TableSubRow\\TableSubRow.js","statementMap":{"0":{"start":{"line":4,"column":20},"end":{"line":44,"column":1}},"1":{"start":{"line":5,"column":2},"end":{"line":43,"column":4}},"2":{"start":{"line":8,"column":8},"end":{"line":40,"column":13}},"3":{"start":{"line":14,"column":18},"end":{"line":14,"column":43}}},"fnMap":{"0":{"name":"(anonymous_0)","decl":{"start":{"line":4,"column":20},"end":{"line":4,"column":21}},"loc":{"start":{"line":4,"column":46},"end":{"line":44,"column":1}},"line":4},"1":{"name":"(anonymous_1)","decl":{"start":{"line":7,"column":17},"end":{"line":7,"column":18}},"loc":{"start":{"line":8,"column":8},"end":{"line":40,"column":13}},"line":8},"2":{"name":"(anonymous_2)","decl":{"start":{"line":13,"column":25},"end":{"line":13,"column":26}},"loc":{"start":{"line":13,"column":32},"end":{"line":15,"column":17}},"line":13}},"branchMap":{},"s":{"0":3,"1":1,"2":1,"3":0},"f":{"0":1,"1":1,"2":0},"b":{},"_coverageSchema":"1a1c01bbd47fc00a2c39e90264f33305004495a9","hash":"5d1da2f3b2185c51ec1f342fdb1666af7d82e98f"}
,"C:\\Users\\Poly\\Projects\\WebSpider\\Frontend\\src\\components\\Common\\ContentTable\\TableSubRow\\index.js": {"path":"C:\\Users\\Poly\\Projects\\WebSpider\\Frontend\\src\\components\\Common\\ContentTable\\TableSubRow\\index.js","statementMap":{},"fnMap":{},"branchMap":{},"s":{},"f":{},"b":{},"_coverageSchema":"1a1c01bbd47fc00a2c39e90264f33305004495a9","hash":"1a49c4aed1d755e8b8b166c3de1f639b1d809980"}
,"C:\\Users\\Poly\\Projects\\WebSpider\\Frontend\\src\\components\\Common\\MainButton\\MainButton.js": {"path":"C:\\Users\\Poly\\Projects\\WebSpider\\Frontend\\src\\components\\Common\\MainButton\\MainButton.js","statementMap":{"0":{"start":{"line":3,"column":19},"end":{"line":13,"column":1}},"1":{"start":{"line":4,"column":2},"end":{"line":12,"column":4}}},"fnMap":{"0":{"name":"(anonymous_0)","decl":{"start":{"line":3,"column":19},"end":{"line":3,"column":20}},"loc":{"start":{"line":3,"column":77},"end":{"line":13,"column":1}},"line":3}},"branchMap":{"0":{"loc":{"start":{"line":3,"column":54},"end":{"line":3,"column":70}},"type":"default-arg","locations":[{"start":{"line":3,"column":65},"end":{"line":3,"column":70}}],"line":3}},"s":{"0":3,"1":3},"f":{"0":3},"b":{"0":[2]},"_coverageSchema":"1a1c01bbd47fc00a2c39e90264f33305004495a9","hash":"3c345ccb766dc94704f8e0be591439cc47f8806f"}
,"C:\\Users\\Poly\\Projects\\WebSpider\\Frontend\\src\\components\\Common\\MainButton\\index.js": {"path":"C:\\Users\\Poly\\Projects\\WebSpider\\Frontend\\src\\components\\Common\\MainButton\\index.js","statementMap":{},"fnMap":{},"branchMap":{},"s":{},"f":{},"b":{},"_coverageSchema":"1a1c01bbd47fc00a2c39e90264f33305004495a9","hash":"361964d96b3523c4314159602293516d6577e914"}
,"C:\\Users\\Poly\\Projects\\WebSpider\\Frontend\\src\\components\\Common\\SideMenu\\SideMenu.js": {"path":"C:\\Users\\Poly\\Projects\\WebSpider\\Frontend\\src\\components\\Common\\SideMenu\\SideMenu.js","statementMap":{"0":{"start":{"line":3,"column":17},"end":{"line":63,"column":1}},"1":{"start":{"line":10,"column":2},"end":{"line":62,"column":4}}},"fnMap":{"0":{"name":"(anonymous_0)","decl":{"start":{"line":3,"column":17},"end":{"line":3,"column":18}},"loc":{"start":{"line":9,"column":6},"end":{"line":63,"column":1}},"line":9}},"branchMap":{},"s":{"0":2,"1":1},"f":{"0":1},"b":{},"_coverageSchema":"1a1c01bbd47fc00a2c39e90264f33305004495a9","hash":"41c348bdbfa7b05f4300e187965d3977ed6082a2"}
,"C:\\Users\\Poly\\Projects\\WebSpider\\Frontend\\src\\components\\Common\\SideMenu\\index.js": {"path":"C:\\Users\\Poly\\Projects\\WebSpider\\Frontend\\src\\components\\Common\\SideMenu\\index.js","statementMap":{},"fnMap":{},"branchMap":{},"s":{},"f":{},"b":{},"_coverageSchema":"1a1c01bbd47fc00a2c39e90264f33305004495a9","hash":"847650f45cae7927f138130ebfef477b98100e47"}
,"C:\\Users\\Poly\\Projects\\WebSpider\\Frontend\\src\\components\\Common\\ToolTip\\ToolTip.js": {"path":"C:\\Users\\Poly\\Projects\\WebSpider\\Frontend\\src\\components\\Common\\ToolTip\\ToolTip.js","statementMap":{"0":{"start":{"line":4,"column":19},"end":{"line":9,"column":1}},"1":{"start":{"line":11,"column":16},"end":{"line":37,"column":1}},"2":{"start":{"line":12,"column":26},"end":{"line":12,"column":41}},"3":{"start":{"line":13,"column":2},"end":{"line":36,"column":4}},"4":{"start":{"line":17,"column":26},"end":{"line":17,"column":39}},"5":{"start":{"line":18,"column":26},"end":{"line":18,"column":40}}},"fnMap":{"0":{"name":"(anonymous_0)","decl":{"start":{"line":11,"column":16},"end":{"line":11,"column":17}},"loc":{"start":{"line":11,"column":59},"end":{"line":37,"column":1}},"line":11},"1":{"name":"(anonymous_1)","decl":{"start":{"line":17,"column":20},"end":{"line":17,"column":21}},"loc":{"start":{"line":17,"column":26},"end":{"line":17,"column":39}},"line":17},"2":{"name":"(anonymous_2)","decl":{"start":{"line":18,"column":20},"end":{"line":18,"column":21}},"loc":{"start":{"line":18,"column":26},"end":{"line":18,"column":40}},"line":18}},"branchMap":{"0":{"loc":{"start":{"line":11,"column":35},"end":{"line":11,"column":52}},"type":"default-arg","locations":[{"start":{"line":11,"column":47},"end":{"line":11,"column":52}}],"line":11},"1":{"loc":{"start":{"line":21,"column":7},"end":{"line":34,"column":7}},"type":"binary-expr","locations":[{"start":{"line":21,"column":7},"end":{"line":21,"column":11}},{"start":{"line":22,"column":8},"end":{"line":33,"column":14}}],"line":21}},"s":{"0":4,"1":4,"2":7,"3":7,"4":1,"5":1},"f":{"0":7,"1":1,"2":1},"b":{"0":[7],"1":[7,1]},"_coverageSchema":"1a1c01bbd47fc00a2c39e90264f33305004495a9","hash":"46423dd277ba007bdfe2fd2eb2c792ee383eade4"}
,"C:\\Users\\Poly\\Projects\\WebSpider\\Frontend\\src\\components\\Common\\ToolTip\\index.js": {"path":"C:\\Users\\Poly\\Projects\\WebSpider\\Frontend\\src\\components\\Common\\ToolTip\\index.js","statementMap":{},"fnMap":{},"branchMap":{},"s":{},"f":{},"b":{},"_coverageSchema":"1a1c01bbd47fc00a2c39e90264f33305004495a9","hash":"66e0a3cfc29093fc174a09abb2a06b8c57ad6e46"}
,"C:\\Users\\Poly\\Projects\\WebSpider\\Frontend\\src\\components\\Pages\\Crawler\\Crawler.js": {"path":"C:\\Users\\Poly\\Projects\\WebSpider\\Frontend\\src\\components\\Pages\\Crawler\\Crawler.js","statementMap":{"0":{"start":{"line":8,"column":16},"end":{"line":89,"column":1}},"1":{"start":{"line":9,"column":28},"end":{"line":20,"column":4}},"2":{"start":{"line":22,"column":28},"end":{"line":37,"column":3}},"3":{"start":{"line":24,"column":6},"end":{"line":24,"column":73}},"4":{"start":{"line":26,"column":6},"end":{"line":28,"column":35}},"5":{"start":{"line":29,"column":4},"end":{"line":36,"column":7}},"6":{"start":{"line":39,"column":23},"end":{"line":47,"column":3}},"7":{"start":{"line":40,"column":40},"end":{"line":40,"column":52}},"8":{"start":{"line":41,"column":20},"end":{"line":45,"column":5}},"9":{"start":{"line":46,"column":4},"end":{"line":46,"column":34}},"10":{"start":{"line":49,"column":21},"end":{"line":63,"column":3}},"11":{"start":{"line":50,"column":21},"end":{"line":50,"column":49}},"12":{"start":{"line":51,"column":4},"end":{"line":54,"column":5}},"13":{"start":{"line":52,"column":6},"end":{"line":52,"column":69}},"14":{"start":{"line":53,"column":6},"end":{"line":53,"column":13}},"15":{"start":{"line":55,"column":19},"end":{"line":55,"column":40}},"16":{"start":{"line":56,"column":4},"end":{"line":56,"column":24}},"17":{"start":{"line":57,"column":4},"end":{"line":57,"column":37}},"18":{"start":{"line":59,"column":4},"end":{"line":62,"column":5}},"19":{"start":{"line":60,"column":6},"end":{"line":60,"column":24}},"20":{"start":{"line":61,"column":6},"end":{"line":61,"column":52}},"21":{"start":{"line":64,"column":24},"end":{"line":68,"column":6}},"22":{"start":{"line":65,"column":4},"end":{"line":68,"column":6}},"23":{"start":{"line":66,"column":6},"end":{"line":66,"column":61}},"24":{"start":{"line":66,"column":23},"end":{"line":66,"column":58}},"25":{"start":{"line":67,"column":6},"end":{"line":67,"column":16}},"26":{"start":{"line":70,"column":2},"end":{"line":88,"column":4}}},"fnMap":{"0":{"name":"(anonymous_0)","decl":{"start":{"line":8,"column":16},"end":{"line":8,"column":17}},"loc":{"start":{"line":8,"column":22},"end":{"line":89,"column":1}},"line":8},"1":{"name":"(anonymous_1)","decl":{"start":{"line":22,"column":28},"end":{"line":22,"column":29}},"loc":{"start":{"line":22,"column":39},"end":{"line":37,"column":3}},"line":22},"2":{"name":"(anonymous_2)","decl":{"start":{"line":39,"column":23},"end":{"line":39,"column":24}},"loc":{"start":{"line":39,"column":36},"end":{"line":47,"column":3}},"line":39},"3":{"name":"(anonymous_3)","decl":{"start":{"line":49,"column":21},"end":{"line":49,"column":22}},"loc":{"start":{"line":49,"column":44},"end":{"line":63,"column":3}},"line":49},"4":{"name":"(anonymous_4)","decl":{"start":{"line":64,"column":24},"end":{"line":64,"column":25}},"loc":{"start":{"line":65,"column":4},"end":{"line":68,"column":6}},"line":65},"5":{"name":"(anonymous_5)","decl":{"start":{"line":65,"column":16},"end":{"line":65,"column":17}},"loc":{"start":{"line":65,"column":29},"end":{"line":68,"column":5}},"line":65},"6":{"name":"(anonymous_6)","decl":{"start":{"line":66,"column":15},"end":{"line":66,"column":16}},"loc":{"start":{"line":66,"column":23},"end":{"line":66,"column":58}},"line":66}},"branchMap":{"0":{"loc":{"start":{"line":24,"column":6},"end":{"line":24,"column":73}},"type":"cond-expr","locations":[{"start":{"line":24,"column":36},"end":{"line":24,"column":54}},{"start":{"line":24,"column":57},"end":{"line":24,"column":73}}],"line":24},"1":{"loc":{"start":{"line":26,"column":6},"end":{"line":28,"column":35}},"type":"binary-expr","locations":[{"start":{"line":26,"column":6},"end":{"line":26,"column":21}},{"start":{"line":27,"column":6},"end":{"line":27,"column":35}},{"start":{"line":28,"column":6},"end":{"line":28,"column":35}}],"line":26},"2":{"loc":{"start":{"line":51,"column":4},"end":{"line":54,"column":5}},"type":"if","locations":[{"start":{"line":51,"column":4},"end":{"line":54,"column":5}},{"start":{"line":51,"column":4},"end":{"line":54,"column":5}}],"line":51},"3":{"loc":{"start":{"line":59,"column":4},"end":{"line":62,"column":5}},"type":"if","locations":[{"start":{"line":59,"column":4},"end":{"line":62,"column":5}},{"start":{"line":59,"column":4},"end":{"line":62,"column":5}}],"line":59}},"s":{"0":1,"1":0,"2":0,"3":0,"4":0,"5":0,"6":0,"7":0,"8":0,"9":0,"10":0,"11":0,"12":0,"13":0,"14":0,"15":0,"16":0,"17":0,"18":0,"19":0,"20":0,"21":0,"22":0,"23":0,"24":0,"25":0,"26":0},"f":{"0":0,"1":0,"2":0,"3":0,"4":0,"5":0,"6":0},"b":{"0":[0,0],"1":[0,0,0],"2":[0,0],"3":[0,0]},"_coverageSchema":"1a1c01bbd47fc00a2c39e90264f33305004495a9","hash":"8571eb807ed4889e1a50ac944ed83cb9d56aa4d6"}
,"C:\\Users\\Poly\\Projects\\WebSpider\\Frontend\\src\\components\\Pages\\Crawler\\index.js": {"path":"C:\\Users\\Poly\\Projects\\WebSpider\\Frontend\\src\\components\\Pages\\Crawler\\index.js","statementMap":{},"fnMap":{},"branchMap":{},"s":{},"f":{},"b":{},"_coverageSchema":"1a1c01bbd47fc00a2c39e90264f33305004495a9","hash":"3831c52fce634c6538fa293136a5e51bcd12164b"}
,"C:\\Users\\Poly\\Projects\\WebSpider\\Frontend\\src\\components\\Pages\\Home\\Home.js": {"path":"C:\\Users\\Poly\\Projects\\WebSpider\\Frontend\\src\\components\\Pages\\Home\\Home.js","statementMap":{"0":{"start":{"line":5,"column":13},"end":{"line":25,"column":1}},"1":{"start":{"line":6,"column":2},"end":{"line":24,"column":4}},"2":{"start":{"line":18,"column":29},"end":{"line":18,"column":50}}},"fnMap":{"0":{"name":"(anonymous_0)","decl":{"start":{"line":5,"column":13},"end":{"line":5,"column":14}},"loc":{"start":{"line":5,"column":19},"end":{"line":25,"column":1}},"line":5},"1":{"name":"(anonymous_1)","decl":{"start":{"line":18,"column":23},"end":{"line":18,"column":24}},"loc":{"start":{"line":18,"column":29},"end":{"line":18,"column":50}},"line":18}},"branchMap":{},"s":{"0":1,"1":1,"2":0},"f":{"0":1,"1":0},"b":{},"_coverageSchema":"1a1c01bbd47fc00a2c39e90264f33305004495a9","hash":"331eafadde54fdecd8a9fc45825e4c62c021dfd8"}
,"C:\\Users\\Poly\\Projects\\WebSpider\\Frontend\\src\\components\\Pages\\Home\\index.js": {"path":"C:\\Users\\Poly\\Projects\\WebSpider\\Frontend\\src\\components\\Pages\\Home\\index.js","statementMap":{},"fnMap":{},"branchMap":{},"s":{},"f":{},"b":{},"_coverageSchema":"1a1c01bbd47fc00a2c39e90264f33305004495a9","hash":"a74c8e66655b5411b59099b07eadd1601e669bb2"}
,"C:\\Users\\Poly\\Projects\\WebSpider\\Frontend\\src\\util\\fetchInterceptService.js": {"path":"C:\\Users\\Poly\\Projects\\WebSpider\\Frontend\\src\\util\\fetchInterceptService.js","statementMap":{"0":{"start":{"line":3,"column":29},"end":{"line":33,"column":1}},"1":{"start":{"line":4,"column":2},"end":{"line":32,"column":4}},"2":{"start":{"line":8,"column":29},"end":{"line":13,"column":7}},"3":{"start":{"line":15,"column":6},"end":{"line":15,"column":34}},"4":{"start":{"line":20,"column":6},"end":{"line":20,"column":34}},"5":{"start":{"line":25,"column":6},"end":{"line":25,"column":21}},"6":{"start":{"line":30,"column":6},"end":{"line":30,"column":34}}},"fnMap":{"0":{"name":"(anonymous_0)","decl":{"start":{"line":3,"column":29},"end":{"line":3,"column":30}},"loc":{"start":{"line":3,"column":35},"end":{"line":33,"column":1}},"line":3},"1":{"name":"(anonymous_1)","decl":{"start":{"line":5,"column":4},"end":{"line":5,"column":5}},"loc":{"start":{"line":5,"column":30},"end":{"line":16,"column":5}},"line":5},"2":{"name":"(anonymous_2)","decl":{"start":{"line":18,"column":4},"end":{"line":18,"column":5}},"loc":{"start":{"line":18,"column":24},"end":{"line":21,"column":5}},"line":18},"3":{"name":"(anonymous_3)","decl":{"start":{"line":23,"column":4},"end":{"line":23,"column":5}},"loc":{"start":{"line":23,"column":23},"end":{"line":26,"column":5}},"line":23},"4":{"name":"(anonymous_4)","decl":{"start":{"line":28,"column":4},"end":{"line":28,"column":5}},"loc":{"start":{"line":28,"column":25},"end":{"line":31,"column":5}},"line":28}},"branchMap":{"0":{"loc":{"start":{"line":5,"column":17},"end":{"line":5,"column":28}},"type":"default-arg","locations":[{"start":{"line":5,"column":26},"end":{"line":5,"column":28}}],"line":5}},"s":{"0":0,"1":0,"2":0,"3":0,"4":0,"5":0,"6":0},"f":{"0":0,"1":0,"2":0,"3":0,"4":0},"b":{"0":[0]}}
,"C:\\Users\\Poly\\Projects\\WebSpider\\Frontend\\src\\util\\history.js": {"path":"C:\\Users\\Poly\\Projects\\WebSpider\\Frontend\\src\\util\\history.js","statementMap":{},"fnMap":{},"branchMap":{},"s":{},"f":{},"b":{},"_coverageSchema":"1a1c01bbd47fc00a2c39e90264f33305004495a9","hash":"46ee81a03f038416f35dd05c08737a70737523f9"}
,"C:\\Users\\Poly\\Projects\\WebSpider\\Frontend\\src\\util\\http.js": {"path":"C:\\Users\\Poly\\Projects\\WebSpider\\Frontend\\src\\util\\http.js","statementMap":{"0":{"start":{"line":1,"column":20},"end":{"line":1,"column":24}},"1":{"start":{"line":2,"column":22},"end":{"line":2,"column":55}},"2":{"start":{"line":3,"column":22},"end":{"line":6,"column":1}},"3":{"start":{"line":8,"column":25},"end":{"line":16,"column":1}},"4":{"start":{"line":9,"column":2},"end":{"line":15,"column":5}}},"fnMap":{"0":{"name":"(anonymous_0)","decl":{"start":{"line":8,"column":25},"end":{"line":8,"column":26}},"loc":{"start":{"line":8,"column":48},"end":{"line":16,"column":1}},"line":8}},"branchMap":{},"s":{"0":1,"1":1,"2":1,"3":1,"4":0},"f":{"0":0},"b":{},"_coverageSchema":"1a1c01bbd47fc00a2c39e90264f33305004495a9","hash":"325d3f48fd785a6aab1076cd0b8fd10dd0659dc6"}
,"C:\\Users\\Poly\\Projects\\WebSpider\\Frontend\\src\\util\\route.js": {"path":"C:\\Users\\Poly\\Projects\\WebSpider\\Frontend\\src\\util\\route.js","statementMap":{"0":{"start":{"line":1,"column":20},"end":{"line":1,"column":23}},"1":{"start":{"line":2,"column":23},"end":{"line":2,"column":33}}},"fnMap":{},"branchMap":{},"s":{"0":1,"1":1},"f":{},"b":{},"_coverageSchema":"1a1c01bbd47fc00a2c39e90264f33305004495a9","hash":"e7f0dbf6f0cb19b4b6aedcc9ce4abb363cfcac4e"}
,"C:\\Users\\Poly\\Projects\\WebSpider\\Frontend\\src\\util\\time.js": {"path":"C:\\Users\\Poly\\Projects\\WebSpider\\Frontend\\src\\util\\time.js","statementMap":{"0":{"start":{"line":1,"column":21},"end":{"line":1,"column":66}},"1":{"start":{"line":1,"column":29},"end":{"line":1,"column":66}},"2":{"start":{"line":1,"column":48},"end":{"line":1,"column":65}}},"fnMap":{"0":{"name":"(anonymous_0)","decl":{"start":{"line":1,"column":21},"end":{"line":1,"column":22}},"loc":{"start":{"line":1,"column":29},"end":{"line":1,"column":66}},"line":1},"1":{"name":"(anonymous_1)","decl":{"start":{"line":1,"column":41},"end":{"line":1,"column":42}},"loc":{"start":{"line":1,"column":48},"end":{"line":1,"column":65}},"line":1}},"branchMap":{},"s":{"0":1,"1":0,"2":0},"f":{"0":0,"1":0},"b":{},"_coverageSchema":"1a1c01bbd47fc00a2c39e90264f33305004495a9","hash":"46b32cfe51a8bba06e59cd18d97220f91d19af1d"}
,"C:\\Users\\Poly\\Projects\\WebSpider\\Frontend\\src\\util\\validator.js": {"path":"C:\\Users\\Poly\\Projects\\WebSpider\\Frontend\\src\\util\\validator.js","statementMap":{"0":{"start":{"line":1,"column":26},"end":{"line":8,"column":1}},"1":{"start":{"line":3,"column":2},"end":{"line":7,"column":12}}},"fnMap":{"0":{"name":"(anonymous_0)","decl":{"start":{"line":1,"column":26},"end":{"line":1,"column":27}},"loc":{"start":{"line":1,"column":35},"end":{"line":8,"column":1}},"line":1}},"branchMap":{"0":{"loc":{"start":{"line":3,"column":9},"end":{"line":7,"column":11}},"type":"cond-expr","locations":[{"start":{"line":6,"column":6},"end":{"line":6,"column":10}},{"start":{"line":7,"column":6},"end":{"line":7,"column":11}}],"line":3}},"s":{"0":1,"1":0},"f":{"0":0},"b":{"0":[0,0]},"_coverageSchema":"1a1c01bbd47fc00a2c39e90264f33305004495a9","hash":"11b7e57f35900239c46d2c25a1e8ed777fab7925"}
}
